# -- lib.lplib_alu.lst
# -- find ../hdl -type f


# -- find ../hdl/adder -type f
# ------------------------------------------------------------------------------
../hdl/adder/rtl/add_comb.vhd
../hdl/adder/rtl/add_sub_comb.vhd
../hdl/adder/rtl/inc_comb.vhd
../hdl/adder/rtl/dec_comb.vhd
../hdl/adder/rtl/abs_c2_comb.vhd


# -- find ../hdl/counter -type f
# ------------------------------------------------------------------------------
../hdl/counter/rtl/counter_basic.vhd
../hdl/counter/rtl/counter_clr.vhd
../hdl/counter/rtl/counter_updw.vhd
../hdl/counter/rtl/counter_match.vhd
../hdl/counter/rtl/counter_delta.vhd


# -- find ../hdl/shifter -type f
# ------------------------------------------------------------------------------
../hdl/shifter/rtl/shift_reg.vhd
../hdl/shifter/rtl/shift_barrel.vhd


# -- find ../hdl/lfsr -type f
# ------------------------------------------------------------------------------
../hdl/lfsr/rtl/lfsr_fibonacci.vhd
../hdl/lfsr/rtl/lfsr_galois.vhd


# -- find ../hdl/alu -type f
# ------------------------------------------------------------------------------
../hdl/alu/rtl/alu_1_addsub.vhd
../hdl/alu/rtl/alu_2_4fun.vhd
../hdl/alu/rtl/alu_3_5cmd.vhd
../hdl/alu/rtl/alu_4_8cmd.vhd
../hdl/alu/rtl/alu_5_11cmd.vhd
../hdl/alu/rtl/alu_6_8fun.vhd
../hdl/alu/rtl/alu_7_16cmd.vhd
../hdl/alu/rtl/alu_8_16cmd_seq.vhd


# -- find ../hdl/div -type f
# ------------------------------------------------------------------------------
../hdl/div/rtl/div_un_par_ab.vhd
../hdl/div/rtl/div_un_ser_ab.vhd


# -- find ../hdl/mul -type f
# ------------------------------------------------------------------------------
../hdl/mul/rtl/mul_sg_par_bw_ab.vhd
../hdl/mul/rtl/mul_un_par_ab.vhd
../hdl/mul/rtl/mul_un_par_abc.vhd
../hdl/mul/rtl/mul_un_par_abcd.vhd
../hdl/mul/rtl/mul_un_ser_ab.vhd
