op1 op2 cbin   cmd   y z c v s p
  0   0    0   add   0 1 0 0 0 0
  0   0    0  addc   0 1 0 0 0 0
  0   0    0   sub   0 1 0 0 0 0
  0   0    0  subb   0 1 0 0 0 0
  0   0    0   mul   0 1 0 0 0 0
  0   0    0   and   0 1 0 0 0 0
  0   0    0    or   0 1 0 0 0 0
  0   0    0   xor   0 1 0 0 0 0
  0   0    0  xnor   3 0 0 0 1 0
  0   0    0   sll   0 1 0 0 0 0
  0   0    0   srl   0 1 0 0 0 0
  0   0    0   sra   0 1 0 0 0 0
  0   0    0    rl   0 1 0 0 0 0
  0   0    0   rlc   0 1 0 0 0 0
  0   0    0    rr   0 1 0 0 0 0
  0   0    0   rrc   0 1 0 0 0 0
  0   0    1   add   0 1 0 0 0 0
  0   0    1  addc   1 0 0 0 0 1
  0   0    1   sub   0 1 0 0 0 0
  0   0    1  subb   3 0 1 0 1 0
  0   0    1   mul   0 1 0 0 0 0
  0   0    1   and   0 1 0 0 0 0
  0   0    1    or   0 1 0 0 0 0
  0   0    1   xor   0 1 0 0 0 0
  0   0    1  xnor   3 0 0 0 1 0
  0   0    1   sll   0 1 0 0 0 0
  0   0    1   srl   0 1 0 0 0 0
  0   0    1   sra   0 1 0 0 0 0
  0   0    1    rl   0 1 0 0 0 0
  0   0    1   rlc   1 0 0 0 0 1
  0   0    1    rr   0 1 0 0 0 0
  0   0    1   rrc   2 0 0 0 1 1
  0   1    0   add   1 0 0 0 0 1
  0   1    0  addc   1 0 0 0 0 1
  0   1    0   sub   3 0 1 0 1 0
  0   1    0  subb   3 0 1 0 1 0
  0   1    0   mul   0 1 0 0 0 0
  0   1    0   and   0 1 0 0 0 0
  0   1    0    or   1 0 0 0 0 1
  0   1    0   xor   1 0 0 0 0 1
  0   1    0  xnor   2 0 0 0 1 1
  0   1    0   sll   0 1 0 0 0 0
  0   1    0   srl   0 1 0 0 0 0
  0   1    0   sra   0 1 0 0 0 0
  0   1    0    rl   0 1 0 0 0 0
  0   1    0   rlc   0 1 0 0 0 0
  0   1    0    rr   0 1 0 0 0 0
  0   1    0   rrc   0 1 0 0 0 0
  0   1    1   add   1 0 0 0 0 1
  0   1    1  addc   2 0 0 1 1 1
  0   1    1   sub   3 0 1 0 1 0
  0   1    1  subb   2 0 1 0 1 1
  0   1    1   mul   0 1 0 0 0 0
  0   1    1   and   0 1 0 0 0 0
  0   1    1    or   1 0 0 0 0 1
  0   1    1   xor   1 0 0 0 0 1
  0   1    1  xnor   2 0 0 0 1 1
  0   1    1   sll   0 1 0 0 0 0
  0   1    1   srl   0 1 0 0 0 0
  0   1    1   sra   0 1 0 0 0 0
  0   1    1    rl   0 1 0 0 0 0
  0   1    1   rlc   1 0 0 0 0 1
  0   1    1    rr   0 1 0 0 0 0
  0   1    1   rrc   2 0 0 0 1 1
  0   2    0   add   2 0 0 0 1 1
  0   2    0  addc   2 0 0 0 1 1
  0   2    0   sub   2 0 1 1 1 1
  0   2    0  subb   2 0 1 1 1 1
  0   2    0   mul   0 1 0 0 0 0
  0   2    0   and   0 1 0 0 0 0
  0   2    0    or   2 0 0 0 1 1
  0   2    0   xor   2 0 0 0 1 1
  0   2    0  xnor   1 0 0 0 0 1
  0   2    0   sll   0 1 0 0 0 0
  0   2    0   srl   0 1 0 0 0 0
  0   2    0   sra   0 1 0 0 0 0
  0   2    0    rl   0 1 0 0 0 0
  0   2    0   rlc   0 1 0 0 0 0
  0   2    0    rr   0 1 0 0 0 0
  0   2    0   rrc   0 1 0 0 0 0
  0   2    1   add   2 0 0 0 1 1
  0   2    1  addc   3 0 0 0 1 0
  0   2    1   sub   2 0 1 1 1 1
  0   2    1  subb   1 0 1 0 0 1
  0   2    1   mul   0 1 0 0 0 0
  0   2    1   and   0 1 0 0 0 0
  0   2    1    or   2 0 0 0 1 1
  0   2    1   xor   2 0 0 0 1 1
  0   2    1  xnor   1 0 0 0 0 1
  0   2    1   sll   0 1 0 0 0 0
  0   2    1   srl   0 1 0 0 0 0
  0   2    1   sra   0 1 0 0 0 0
  0   2    1    rl   0 1 0 0 0 0
  0   2    1   rlc   1 0 0 0 0 1
  0   2    1    rr   0 1 0 0 0 0
  0   2    1   rrc   2 0 0 0 1 1
  0   3    0   add   3 0 0 0 1 0
  0   3    0  addc   3 0 0 0 1 0
  0   3    0   sub   1 0 1 0 0 1
  0   3    0  subb   1 0 1 0 0 1
  0   3    0   mul   0 1 0 0 0 0
  0   3    0   and   0 1 0 0 0 0
  0   3    0    or   3 0 0 0 1 0
  0   3    0   xor   3 0 0 0 1 0
  0   3    0  xnor   0 1 0 0 0 0
  0   3    0   sll   0 1 0 0 0 0
  0   3    0   srl   0 1 0 0 0 0
  0   3    0   sra   0 1 0 0 0 0
  0   3    0    rl   0 1 0 0 0 0
  0   3    0   rlc   0 1 0 0 0 0
  0   3    0    rr   0 1 0 0 0 0
  0   3    0   rrc   0 1 0 0 0 0
  0   3    1   add   3 0 0 0 1 0
  0   3    1  addc   0 1 1 0 0 0
  0   3    1   sub   1 0 1 0 0 1
  0   3    1  subb   0 1 1 0 0 0
  0   3    1   mul   0 1 0 0 0 0
  0   3    1   and   0 1 0 0 0 0
  0   3    1    or   3 0 0 0 1 0
  0   3    1   xor   3 0 0 0 1 0
  0   3    1  xnor   0 1 0 0 0 0
  0   3    1   sll   0 1 0 0 0 0
  0   3    1   srl   0 1 0 0 0 0
  0   3    1   sra   0 1 0 0 0 0
  0   3    1    rl   0 1 0 0 0 0
  0   3    1   rlc   1 0 0 0 0 1
  0   3    1    rr   0 1 0 0 0 0
  0   3    1   rrc   2 0 0 0 1 1
  1   0    0   add   1 0 0 0 0 1
  1   0    0  addc   1 0 0 0 0 1
  1   0    0   sub   1 0 0 0 0 1
  1   0    0  subb   1 0 0 0 0 1
  1   0    0   mul   0 1 0 0 0 0
  1   0    0   and   0 1 0 0 0 0
  1   0    0    or   1 0 0 0 0 1
  1   0    0   xor   1 0 0 0 0 1
  1   0    0  xnor   2 0 0 0 1 1
  1   0    0   sll   2 0 0 0 1 1
  1   0    0   srl   0 1 1 0 0 0
  1   0    0   sra   0 1 1 0 0 0
  1   0    0    rl   2 0 0 0 1 1
  1   0    0   rlc   2 0 0 0 1 1
  1   0    0    rr   2 0 0 0 1 1
  1   0    0   rrc   0 1 1 0 0 0
  1   0    1   add   1 0 0 0 0 1
  1   0    1  addc   2 0 0 1 1 1
  1   0    1   sub   1 0 0 0 0 1
  1   0    1  subb   0 1 0 0 0 0
  1   0    1   mul   0 1 0 0 0 0
  1   0    1   and   0 1 0 0 0 0
  1   0    1    or   1 0 0 0 0 1
  1   0    1   xor   1 0 0 0 0 1
  1   0    1  xnor   2 0 0 0 1 1
  1   0    1   sll   2 0 0 0 1 1
  1   0    1   srl   0 1 1 0 0 0
  1   0    1   sra   0 1 1 0 0 0
  1   0    1    rl   2 0 0 0 1 1
  1   0    1   rlc   3 0 0 0 1 0
  1   0    1    rr   2 0 0 0 1 1
  1   0    1   rrc   2 0 1 0 1 1
  1   1    0   add   2 0 0 1 1 1
  1   1    0  addc   2 0 0 1 1 1
  1   1    0   sub   0 1 0 0 0 0
  1   1    0  subb   0 1 0 0 0 0
  1   1    0   mul   0 1 0 0 0 0
  1   1    0   and   1 0 0 0 0 1
  1   1    0    or   1 0 0 0 0 1
  1   1    0   xor   0 1 0 0 0 0
  1   1    0  xnor   3 0 0 0 1 0
  1   1    0   sll   2 0 0 0 1 1
  1   1    0   srl   0 1 1 0 0 0
  1   1    0   sra   0 1 1 0 0 0
  1   1    0    rl   2 0 0 0 1 1
  1   1    0   rlc   2 0 0 0 1 1
  1   1    0    rr   2 0 0 0 1 1
  1   1    0   rrc   0 1 1 0 0 0
  1   1    1   add   2 0 0 1 1 1
  1   1    1  addc   3 0 0 1 1 0
  1   1    1   sub   0 1 0 0 0 0
  1   1    1  subb   3 0 1 0 1 0
  1   1    1   mul   0 1 0 0 0 0
  1   1    1   and   1 0 0 0 0 1
  1   1    1    or   1 0 0 0 0 1
  1   1    1   xor   0 1 0 0 0 0
  1   1    1  xnor   3 0 0 0 1 0
  1   1    1   sll   2 0 0 0 1 1
  1   1    1   srl   0 1 1 0 0 0
  1   1    1   sra   0 1 1 0 0 0
  1   1    1    rl   2 0 0 0 1 1
  1   1    1   rlc   3 0 0 0 1 0
  1   1    1    rr   2 0 0 0 1 1
  1   1    1   rrc   2 0 1 0 1 1
  1   2    0   add   3 0 0 0 1 0
  1   2    0  addc   3 0 0 0 1 0
  1   2    0   sub   3 0 1 1 1 0
  1   2    0  subb   3 0 1 1 1 0
  1   2    0   mul   0 1 0 0 0 0
  1   2    0   and   0 1 0 0 0 0
  1   2    0    or   3 0 0 0 1 0
  1   2    0   xor   3 0 0 0 1 0
  1   2    0  xnor   0 1 0 0 0 0
  1   2    0   sll   2 0 0 0 1 1
  1   2    0   srl   0 1 1 0 0 0
  1   2    0   sra   0 1 1 0 0 0
  1   2    0    rl   2 0 0 0 1 1
  1   2    0   rlc   2 0 0 0 1 1
  1   2    0    rr   2 0 0 0 1 1
  1   2    0   rrc   0 1 1 0 0 0
  1   2    1   add   3 0 0 0 1 0
  1   2    1  addc   0 1 1 0 0 0
  1   2    1   sub   3 0 1 1 1 0
  1   2    1  subb   2 0 1 1 1 1
  1   2    1   mul   0 1 0 0 0 0
  1   2    1   and   0 1 0 0 0 0
  1   2    1    or   3 0 0 0 1 0
  1   2    1   xor   3 0 0 0 1 0
  1   2    1  xnor   0 1 0 0 0 0
  1   2    1   sll   2 0 0 0 1 1
  1   2    1   srl   0 1 1 0 0 0
  1   2    1   sra   0 1 1 0 0 0
  1   2    1    rl   2 0 0 0 1 1
  1   2    1   rlc   3 0 0 0 1 0
  1   2    1    rr   2 0 0 0 1 1
  1   2    1   rrc   2 0 1 0 1 1
  1   3    0   add   0 1 1 0 0 0
  1   3    0  addc   0 1 1 0 0 0
  1   3    0   sub   2 0 1 1 1 1
  1   3    0  subb   2 0 1 1 1 1
  1   3    0   mul   0 1 0 0 0 0
  1   3    0   and   1 0 0 0 0 1
  1   3    0    or   3 0 0 0 1 0
  1   3    0   xor   2 0 0 0 1 1
  1   3    0  xnor   1 0 0 0 0 1
  1   3    0   sll   2 0 0 0 1 1
  1   3    0   srl   0 1 1 0 0 0
  1   3    0   sra   0 1 1 0 0 0
  1   3    0    rl   2 0 0 0 1 1
  1   3    0   rlc   2 0 0 0 1 1
  1   3    0    rr   2 0 0 0 1 1
  1   3    0   rrc   0 1 1 0 0 0
  1   3    1   add   0 1 1 0 0 0
  1   3    1  addc   1 0 1 0 0 1
  1   3    1   sub   2 0 1 1 1 1
  1   3    1  subb   1 0 1 0 0 1
  1   3    1   mul   0 1 0 0 0 0
  1   3    1   and   1 0 0 0 0 1
  1   3    1    or   3 0 0 0 1 0
  1   3    1   xor   2 0 0 0 1 1
  1   3    1  xnor   1 0 0 0 0 1
  1   3    1   sll   2 0 0 0 1 1
  1   3    1   srl   0 1 1 0 0 0
  1   3    1   sra   0 1 1 0 0 0
  1   3    1    rl   2 0 0 0 1 1
  1   3    1   rlc   3 0 0 0 1 0
  1   3    1    rr   2 0 0 0 1 1
  1   3    1   rrc   2 0 1 0 1 1
  2   0    0   add   2 0 0 0 1 1
  2   0    0  addc   2 0 0 0 1 1
  2   0    0   sub   2 0 0 0 1 1
  2   0    0  subb   2 0 0 0 1 1
  2   0    0   mul   0 1 0 0 0 0
  2   0    0   and   0 1 0 0 0 0
  2   0    0    or   2 0 0 0 1 1
  2   0    0   xor   2 0 0 0 1 1
  2   0    0  xnor   1 0 0 0 0 1
  2   0    0   sll   0 1 1 0 0 0
  2   0    0   srl   1 0 0 0 0 1
  2   0    0   sra   3 0 0 0 1 0
  2   0    0    rl   1 0 0 0 0 1
  2   0    0   rlc   0 1 1 0 0 0
  2   0    0    rr   1 0 0 0 0 1
  2   0    0   rrc   1 0 0 0 0 1
  2   0    1   add   2 0 0 0 1 1
  2   0    1  addc   3 0 0 0 1 0
  2   0    1   sub   2 0 0 0 1 1
  2   0    1  subb   1 0 0 1 0 1
  2   0    1   mul   0 1 0 0 0 0
  2   0    1   and   0 1 0 0 0 0
  2   0    1    or   2 0 0 0 1 1
  2   0    1   xor   2 0 0 0 1 1
  2   0    1  xnor   1 0 0 0 0 1
  2   0    1   sll   0 1 1 0 0 0
  2   0    1   srl   1 0 0 0 0 1
  2   0    1   sra   3 0 0 0 1 0
  2   0    1    rl   1 0 0 0 0 1
  2   0    1   rlc   1 0 1 0 0 1
  2   0    1    rr   1 0 0 0 0 1
  2   0    1   rrc   3 0 0 0 1 0
  2   1    0   add   3 0 0 0 1 0
  2   1    0  addc   3 0 0 0 1 0
  2   1    0   sub   1 0 0 1 0 1
  2   1    0  subb   1 0 0 1 0 1
  2   1    0   mul   0 1 0 0 0 0
  2   1    0   and   0 1 0 0 0 0
  2   1    0    or   3 0 0 0 1 0
  2   1    0   xor   3 0 0 0 1 0
  2   1    0  xnor   0 1 0 0 0 0
  2   1    0   sll   0 1 1 0 0 0
  2   1    0   srl   1 0 0 0 0 1
  2   1    0   sra   3 0 0 0 1 0
  2   1    0    rl   1 0 0 0 0 1
  2   1    0   rlc   0 1 1 0 0 0
  2   1    0    rr   1 0 0 0 0 1
  2   1    0   rrc   1 0 0 0 0 1
  2   1    1   add   3 0 0 0 1 0
  2   1    1  addc   0 1 1 0 0 0
  2   1    1   sub   1 0 0 1 0 1
  2   1    1  subb   0 1 0 1 0 0
  2   1    1   mul   0 1 0 0 0 0
  2   1    1   and   0 1 0 0 0 0
  2   1    1    or   3 0 0 0 1 0
  2   1    1   xor   3 0 0 0 1 0
  2   1    1  xnor   0 1 0 0 0 0
  2   1    1   sll   0 1 1 0 0 0
  2   1    1   srl   1 0 0 0 0 1
  2   1    1   sra   3 0 0 0 1 0
  2   1    1    rl   1 0 0 0 0 1
  2   1    1   rlc   1 0 1 0 0 1
  2   1    1    rr   1 0 0 0 0 1
  2   1    1   rrc   3 0 0 0 1 0
  2   2    0   add   0 1 1 1 0 0
  2   2    0  addc   0 1 1 1 0 0
  2   2    0   sub   0 1 0 0 0 0
  2   2    0  subb   0 1 0 0 0 0
  2   2    0   mul   1 0 0 0 0 1
  2   2    0   and   2 0 0 0 1 1
  2   2    0    or   2 0 0 0 1 1
  2   2    0   xor   0 1 0 0 0 0
  2   2    0  xnor   3 0 0 0 1 0
  2   2    0   sll   0 1 1 0 0 0
  2   2    0   srl   1 0 0 0 0 1
  2   2    0   sra   3 0 0 0 1 0
  2   2    0    rl   1 0 0 0 0 1
  2   2    0   rlc   0 1 1 0 0 0
  2   2    0    rr   1 0 0 0 0 1
  2   2    0   rrc   1 0 0 0 0 1
  2   2    1   add   0 1 1 1 0 0
  2   2    1  addc   1 0 1 1 0 1
  2   2    1   sub   0 1 0 0 0 0
  2   2    1  subb   3 0 1 0 1 0
  2   2    1   mul   1 0 0 0 0 1
  2   2    1   and   2 0 0 0 1 1
  2   2    1    or   2 0 0 0 1 1
  2   2    1   xor   0 1 0 0 0 0
  2   2    1  xnor   3 0 0 0 1 0
  2   2    1   sll   0 1 1 0 0 0
  2   2    1   srl   1 0 0 0 0 1
  2   2    1   sra   3 0 0 0 1 0
  2   2    1    rl   1 0 0 0 0 1
  2   2    1   rlc   1 0 1 0 0 1
  2   2    1    rr   1 0 0 0 0 1
  2   2    1   rrc   3 0 0 0 1 0
  2   3    0   add   1 0 1 1 0 1
  2   3    0  addc   1 0 1 1 0 1
  2   3    0   sub   3 0 1 0 1 0
  2   3    0  subb   3 0 1 0 1 0
  2   3    0   mul   1 0 0 0 0 1
  2   3    0   and   2 0 0 0 1 1
  2   3    0    or   3 0 0 0 1 0
  2   3    0   xor   1 0 0 0 0 1
  2   3    0  xnor   2 0 0 0 1 1
  2   3    0   sll   0 1 1 0 0 0
  2   3    0   srl   1 0 0 0 0 1
  2   3    0   sra   3 0 0 0 1 0
  2   3    0    rl   1 0 0 0 0 1
  2   3    0   rlc   0 1 1 0 0 0
  2   3    0    rr   1 0 0 0 0 1
  2   3    0   rrc   1 0 0 0 0 1
  2   3    1   add   1 0 1 1 0 1
  2   3    1  addc   2 0 1 0 1 1
  2   3    1   sub   3 0 1 0 1 0
  2   3    1  subb   2 0 1 0 1 1
  2   3    1   mul   1 0 0 0 0 1
  2   3    1   and   2 0 0 0 1 1
  2   3    1    or   3 0 0 0 1 0
  2   3    1   xor   1 0 0 0 0 1
  2   3    1  xnor   2 0 0 0 1 1
  2   3    1   sll   0 1 1 0 0 0
  2   3    1   srl   1 0 0 0 0 1
  2   3    1   sra   3 0 0 0 1 0
  2   3    1    rl   1 0 0 0 0 1
  2   3    1   rlc   1 0 1 0 0 1
  2   3    1    rr   1 0 0 0 0 1
  2   3    1   rrc   3 0 0 0 1 0
  3   0    0   add   3 0 0 0 1 0
  3   0    0  addc   3 0 0 0 1 0
  3   0    0   sub   3 0 0 0 1 0
  3   0    0  subb   3 0 0 0 1 0
  3   0    0   mul   0 1 0 0 0 0
  3   0    0   and   0 1 0 0 0 0
  3   0    0    or   3 0 0 0 1 0
  3   0    0   xor   3 0 0 0 1 0
  3   0    0  xnor   0 1 0 0 0 0
  3   0    0   sll   2 0 1 0 0 1
  3   0    0   srl   1 0 1 0 0 1
  3   0    0   sra   3 0 1 0 1 0
  3   0    0    rl   3 0 0 0 0 0
  3   0    0   rlc   2 0 1 0 0 1
  3   0    0    rr   3 0 0 0 1 0
  3   0    0   rrc   1 0 1 0 0 1
  3   0    1   add   3 0 0 0 1 0
  3   0    1  addc   0 1 1 0 0 0
  3   0    1   sub   3 0 0 0 1 0
  3   0    1  subb   2 0 0 0 1 1
  3   0    1   mul   0 1 0 0 0 0
  3   0    1   and   0 1 0 0 0 0
  3   0    1    or   3 0 0 0 1 0
  3   0    1   xor   3 0 0 0 1 0
  3   0    1  xnor   0 1 0 0 0 0
  3   0    1   sll   2 0 1 0 0 1
  3   0    1   srl   1 0 1 0 0 1
  3   0    1   sra   3 0 1 0 1 0
  3   0    1    rl   3 0 0 0 0 0
  3   0    1   rlc   3 0 1 0 0 0
  3   0    1    rr   3 0 0 0 1 0
  3   0    1   rrc   3 0 1 0 1 0
  3   1    0   add   0 1 1 0 0 0
  3   1    0  addc   0 1 1 0 0 0
  3   1    0   sub   2 0 0 0 1 1
  3   1    0  subb   2 0 0 0 1 1
  3   1    0   mul   0 1 0 0 0 0
  3   1    0   and   1 0 0 0 0 1
  3   1    0    or   3 0 0 0 1 0
  3   1    0   xor   2 0 0 0 1 1
  3   1    0  xnor   1 0 0 0 0 1
  3   1    0   sll   2 0 1 0 0 1
  3   1    0   srl   1 0 1 0 0 1
  3   1    0   sra   3 0 1 0 1 0
  3   1    0    rl   3 0 0 0 0 0
  3   1    0   rlc   2 0 1 0 0 1
  3   1    0    rr   3 0 0 0 1 0
  3   1    0   rrc   1 0 1 0 0 1
  3   1    1   add   0 1 1 0 0 0
  3   1    1  addc   1 0 1 0 0 1
  3   1    1   sub   2 0 0 0 1 1
  3   1    1  subb   1 0 0 1 0 1
  3   1    1   mul   0 1 0 0 0 0
  3   1    1   and   1 0 0 0 0 1
  3   1    1    or   3 0 0 0 1 0
  3   1    1   xor   2 0 0 0 1 1
  3   1    1  xnor   1 0 0 0 0 1
  3   1    1   sll   2 0 1 0 0 1
  3   1    1   srl   1 0 1 0 0 1
  3   1    1   sra   3 0 1 0 1 0
  3   1    1    rl   3 0 0 0 0 0
  3   1    1   rlc   3 0 1 0 0 0
  3   1    1    rr   3 0 0 0 1 0
  3   1    1   rrc   3 0 1 0 1 0
  3   2    0   add   1 0 1 1 0 1
  3   2    0  addc   1 0 1 1 0 1
  3   2    0   sub   1 0 0 0 0 1
  3   2    0  subb   1 0 0 0 0 1
  3   2    0   mul   1 0 0 0 0 1
  3   2    0   and   2 0 0 0 1 1
  3   2    0    or   3 0 0 0 1 0
  3   2    0   xor   1 0 0 0 0 1
  3   2    0  xnor   2 0 0 0 1 1
  3   2    0   sll   2 0 1 0 0 1
  3   2    0   srl   1 0 1 0 0 1
  3   2    0   sra   3 0 1 0 1 0
  3   2    0    rl   3 0 0 0 0 0
  3   2    0   rlc   2 0 1 0 0 1
  3   2    0    rr   3 0 0 0 1 0
  3   2    0   rrc   1 0 1 0 0 1
  3   2    1   add   1 0 1 1 0 1
  3   2    1  addc   2 0 1 0 1 1
  3   2    1   sub   1 0 0 0 0 1
  3   2    1  subb   0 1 0 0 0 0
  3   2    1   mul   1 0 0 0 0 1
  3   2    1   and   2 0 0 0 1 1
  3   2    1    or   3 0 0 0 1 0
  3   2    1   xor   1 0 0 0 0 1
  3   2    1  xnor   2 0 0 0 1 1
  3   2    1   sll   2 0 1 0 0 1
  3   2    1   srl   1 0 1 0 0 1
  3   2    1   sra   3 0 1 0 1 0
  3   2    1    rl   3 0 0 0 0 0
  3   2    1   rlc   3 0 1 0 0 0
  3   2    1    rr   3 0 0 0 1 0
  3   2    1   rrc   3 0 1 0 1 0
  3   3    0   add   2 0 1 0 1 1
  3   3    0  addc   2 0 1 0 1 1
  3   3    0   sub   0 1 0 0 0 0
  3   3    0  subb   0 1 0 0 0 0
  3   3    0   mul   2 0 0 0 1 1
  3   3    0   and   3 0 0 0 1 0
  3   3    0    or   3 0 0 0 1 0
  3   3    0   xor   0 1 0 0 0 0
  3   3    0  xnor   3 0 0 0 1 0
  3   3    0   sll   2 0 1 0 0 1
  3   3    0   srl   1 0 1 0 0 1
  3   3    0   sra   3 0 1 0 1 0
  3   3    0    rl   3 0 0 0 0 0
  3   3    0   rlc   2 0 1 0 0 1
  3   3    0    rr   3 0 0 0 1 0
  3   3    0   rrc   1 0 1 0 0 1
  3   3    1   add   2 0 1 0 1 1
  3   3    1  addc   3 0 1 0 1 0
  3   3    1   sub   0 1 0 0 0 0
  3   3    1  subb   3 0 1 0 1 0
  3   3    1   mul   2 0 0 0 1 1
  3   3    1   and   3 0 0 0 1 0
  3   3    1    or   3 0 0 0 1 0
  3   3    1   xor   0 1 0 0 0 0
  3   3    1  xnor   3 0 0 0 1 0
  3   3    1   sll   2 0 1 0 0 1
  3   3    1   srl   1 0 1 0 0 1
  3   3    1   sra   3 0 1 0 1 0
  3   3    1    rl   3 0 0 0 0 0
  3   3    1   rlc   3 0 1 0 0 0
  3   3    1    rr   3 0 0 0 1 0
  3   3    1   rrc   3 0 1 0 1 0
